2026-03-23 23:17:20 [background-preinit] INFO  org.hibernate.validator.internal.util.Version - HV000001: Hibernate Validator 8.0.1.Final
2026-03-23 23:17:20 [main] WARN  org.springframework.boot.test.json.DuplicateJsonObjectContextCustomizerFactory$DuplicateJsonObjectContextCustomizer - 

Found multiple occurrences of org.json.JSONObject on the class path:

	jar:file:/C:/Users/Lenovo/.m2/repository/com/vaadin/external/google/android-json/0.0.20131108.vaadin1/android-json-0.0.20131108.vaadin1.jar!/org/json/JSONObject.class
	jar:file:/C:/Users/Lenovo/.m2/repository/org/json/json/20250107/json-20250107.jar!/org/json/JSONObject.class

You may wish to exclude one of them to ensure predictable runtime behavior

2026-03-23 23:17:20 [main] INFO  com.paynest.users.e2e.AccountRegistrationE2ETest - Starting AccountRegistrationE2ETest using Java 17.0.18 with PID 7820 (started by Lenovo in C:\Users\Lenovo\OneDrive\Desktop\PayNest\paynestCode)
2026-03-23 23:17:20 [main] DEBUG com.paynest.users.e2e.AccountRegistrationE2ETest - Running with Spring Boot v3.2.1, Spring v6.1.2
2026-03-23 23:17:20 [main] INFO  com.paynest.users.e2e.AccountRegistrationE2ETest - No active profile set, falling back to 1 default profile: "default"
2026-03-23 23:17:23 [main] INFO  org.springframework.data.repository.config.RepositoryConfigurationDelegate - Multiple Spring Data modules found, entering strict repository configuration mode
2026-03-23 23:17:23 [main] INFO  org.springframework.data.repository.config.RepositoryConfigurationDelegate - Bootstrapping Spring Data JPA repositories in DEFAULT mode.
2026-03-23 23:17:24 [main] INFO  org.springframework.data.repository.config.RepositoryConfigurationDelegate - Finished Spring Data repository scanning in 393 ms. Found 19 JPA repository interfaces.
2026-03-23 23:17:24 [main] INFO  org.springframework.data.repository.config.RepositoryConfigurationDelegate - Multiple Spring Data modules found, entering strict repository configuration mode
2026-03-23 23:17:24 [main] INFO  org.springframework.data.repository.config.RepositoryConfigurationDelegate - Bootstrapping Spring Data Redis repositories in DEFAULT mode.
2026-03-23 23:17:24 [main] INFO  org.springframework.data.repository.config.RepositoryConfigurationExtensionSupport - Spring Data Redis - Could not safely identify store assignment for repository candidate interface com.paynest.config.repository.AuditApiLogRepository; If you want this repository to be a Redis repository, consider annotating your entities with one of these annotations: org.springframework.data.redis.core.RedisHash (preferred), or consider extending one of the following types with your repository: org.springframework.data.keyvalue.repository.KeyValueRepository
2026-03-23 23:17:24 [main] INFO  org.springframework.data.repository.config.RepositoryConfigurationExtensionSupport - Spring Data Redis - Could not safely identify store assignment for repository candidate interface com.paynest.config.repository.EnumerationRepository; If you want this repository to be a Redis repository, consider annotating your entities with one of these annotations: org.springframework.data.redis.core.RedisHash (preferred), or consider extending one of the following types with your repository: org.springframework.data.keyvalue.repository.KeyValueRepository
2026-03-23 23:17:24 [main] INFO  org.springframework.data.repository.config.RepositoryConfigurationExtensionSupport - Spring Data Redis - Could not safely identify store assignment for repository candidate interface com.paynest.config.repository.SupportedLanguageRepository; If you want this repository to be a Redis repository, consider annotating your entities with one of these annotations: org.springframework.data.redis.core.RedisHash (preferred), or consider extending one of the following types with your repository: org.springframework.data.keyvalue.repository.KeyValueRepository
2026-03-23 23:17:24 [main] INFO  org.springframework.data.repository.config.RepositoryConfigurationExtensionSupport - Spring Data Redis - Could not safely identify store assignment for repository candidate interface com.paynest.config.repository.TenantRegistryRepository; If you want this repository to be a Redis repository, consider annotating your entities with one of these annotations: org.springframework.data.redis.core.RedisHash (preferred), or consider extending one of the following types with your repository: org.springframework.data.keyvalue.repository.KeyValueRepository
2026-03-23 23:17:24 [main] INFO  org.springframework.data.repository.config.RepositoryConfigurationExtensionSupport - Spring Data Redis - Could not safely identify store assignment for repository candidate interface com.paynest.payments.repository.TransactionDetailsRepository; If you want this repository to be a Redis repository, consider annotating your entities with one of these annotations: org.springframework.data.redis.core.RedisHash (preferred), or consider extending one of the following types with your repository: org.springframework.data.keyvalue.repository.KeyValueRepository
2026-03-23 23:17:24 [main] INFO  org.springframework.data.repository.config.RepositoryConfigurationExtensionSupport - Spring Data Redis - Could not safely identify store assignment for repository candidate interface com.paynest.payments.repository.TransactionsRepository; If you want this repository to be a Redis repository, consider annotating your entities with one of these annotations: org.springframework.data.redis.core.RedisHash (preferred), or consider extending one of the following types with your repository: org.springframework.data.keyvalue.repository.KeyValueRepository
2026-03-23 23:17:24 [main] INFO  org.springframework.data.repository.config.RepositoryConfigurationExtensionSupport - Spring Data Redis - Could not safely identify store assignment for repository candidate interface com.paynest.payments.repository.WalletLedgerRepository; If you want this repository to be a Redis repository, consider annotating your entities with one of these annotations: org.springframework.data.redis.core.RedisHash (preferred), or consider extending one of the following types with your repository: org.springframework.data.keyvalue.repository.KeyValueRepository
2026-03-23 23:17:24 [main] INFO  org.springframework.data.repository.config.RepositoryConfigurationExtensionSupport - Spring Data Redis - Could not safely identify store assignment for repository candidate interface com.paynest.users.repository.AccountAuthRepository; If you want this repository to be a Redis repository, consider annotating your entities with one of these annotations: org.springframework.data.redis.core.RedisHash (preferred), or consider extending one of the following types with your repository: org.springframework.data.keyvalue.repository.KeyValueRepository
2026-03-23 23:17:24 [main] INFO  org.springframework.data.repository.config.RepositoryConfigurationExtensionSupport - Spring Data Redis - Could not safely identify store assignment for repository candidate interface com.paynest.users.repository.AccountIdentifierRepository; If you want this repository to be a Redis repository, consider annotating your entities with one of these annotations: org.springframework.data.redis.core.RedisHash (preferred), or consider extending one of the following types with your repository: org.springframework.data.keyvalue.repository.KeyValueRepository
2026-03-23 23:17:24 [main] INFO  org.springframework.data.repository.config.RepositoryConfigurationExtensionSupport - Spring Data Redis - Could not safely identify store assignment for repository candidate interface com.paynest.users.repository.AccountRepository; If you want this repository to be a Redis repository, consider annotating your entities with one of these annotations: org.springframework.data.redis.core.RedisHash (preferred), or consider extending one of the following types with your repository: org.springframework.data.keyvalue.repository.KeyValueRepository
2026-03-23 23:17:24 [main] INFO  org.springframework.data.repository.config.RepositoryConfigurationExtensionSupport - Spring Data Redis - Could not safely identify store assignment for repository candidate interface com.paynest.users.repository.AuthChallengeRepository; If you want this repository to be a Redis repository, consider annotating your entities with one of these annotations: org.springframework.data.redis.core.RedisHash (preferred), or consider extending one of the following types with your repository: org.springframework.data.keyvalue.repository.KeyValueRepository
2026-03-23 23:17:24 [main] INFO  org.springframework.data.repository.config.RepositoryConfigurationExtensionSupport - Spring Data Redis - Could not safely identify store assignment for repository candidate interface com.paynest.users.repository.KycDocumentRepository; If you want this repository to be a Redis repository, consider annotating your entities with one of these annotations: org.springframework.data.redis.core.RedisHash (preferred), or consider extending one of the following types with your repository: org.springframework.data.keyvalue.repository.KeyValueRepository
2026-03-23 23:17:24 [main] INFO  org.springframework.data.repository.config.RepositoryConfigurationExtensionSupport - Spring Data Redis - Could not safely identify store assignment for repository candidate interface com.paynest.users.repository.OtpRepository; If you want this repository to be a Redis repository, consider annotating your entities with one of these annotations: org.springframework.data.redis.core.RedisHash (preferred), or consider extending one of the following types with your repository: org.springframework.data.keyvalue.repository.KeyValueRepository
2026-03-23 23:17:24 [main] INFO  org.springframework.data.repository.config.RepositoryConfigurationExtensionSupport - Spring Data Redis - Could not safely identify store assignment for repository candidate interface com.paynest.users.repository.PermissionRepository; If you want this repository to be a Redis repository, consider annotating your entities with one of these annotations: org.springframework.data.redis.core.RedisHash (preferred), or consider extending one of the following types with your repository: org.springframework.data.keyvalue.repository.KeyValueRepository
2026-03-23 23:17:24 [main] INFO  org.springframework.data.repository.config.RepositoryConfigurationExtensionSupport - Spring Data Redis - Could not safely identify store assignment for repository candidate interface com.paynest.users.repository.RolePermissionRepository; If you want this repository to be a Redis repository, consider annotating your entities with one of these annotations: org.springframework.data.redis.core.RedisHash (preferred), or consider extending one of the following types with your repository: org.springframework.data.keyvalue.repository.KeyValueRepository
2026-03-23 23:17:24 [main] INFO  org.springframework.data.repository.config.RepositoryConfigurationExtensionSupport - Spring Data Redis - Could not safely identify store assignment for repository candidate interface com.paynest.users.repository.RoleRepository; If you want this repository to be a Redis repository, consider annotating your entities with one of these annotations: org.springframework.data.redis.core.RedisHash (preferred), or consider extending one of the following types with your repository: org.springframework.data.keyvalue.repository.KeyValueRepository
2026-03-23 23:17:24 [main] INFO  org.springframework.data.repository.config.RepositoryConfigurationExtensionSupport - Spring Data Redis - Could not safely identify store assignment for repository candidate interface com.paynest.users.repository.UserRoleRepository; If you want this repository to be a Redis repository, consider annotating your entities with one of these annotations: org.springframework.data.redis.core.RedisHash (preferred), or consider extending one of the following types with your repository: org.springframework.data.keyvalue.repository.KeyValueRepository
2026-03-23 23:17:24 [main] INFO  org.springframework.data.repository.config.RepositoryConfigurationExtensionSupport - Spring Data Redis - Could not safely identify store assignment for repository candidate interface com.paynest.users.repository.WalletBalanceRepository; If you want this repository to be a Redis repository, consider annotating your entities with one of these annotations: org.springframework.data.redis.core.RedisHash (preferred), or consider extending one of the following types with your repository: org.springframework.data.keyvalue.repository.KeyValueRepository
2026-03-23 23:17:24 [main] INFO  org.springframework.data.repository.config.RepositoryConfigurationExtensionSupport - Spring Data Redis - Could not safely identify store assignment for repository candidate interface com.paynest.users.repository.WalletRepository; If you want this repository to be a Redis repository, consider annotating your entities with one of these annotations: org.springframework.data.redis.core.RedisHash (preferred), or consider extending one of the following types with your repository: org.springframework.data.keyvalue.repository.KeyValueRepository
2026-03-23 23:17:24 [main] INFO  org.springframework.data.repository.config.RepositoryConfigurationDelegate - Finished Spring Data repository scanning in 51 ms. Found 0 Redis repository interfaces.
2026-03-23 23:17:26 [main] INFO  org.springframework.boot.web.embedded.tomcat.TomcatWebServer - Tomcat initialized with port 0 (http)
2026-03-23 23:17:26 [main] INFO  org.apache.coyote.http11.Http11NioProtocol - Initializing ProtocolHandler ["http-nio-auto-1"]
2026-03-23 23:17:26 [main] INFO  org.apache.catalina.core.StandardService - Starting service [Tomcat]
2026-03-23 23:17:26 [main] INFO  org.apache.catalina.core.StandardEngine - Starting Servlet engine: [Apache Tomcat/10.1.17]
2026-03-23 23:17:26 [main] INFO  org.apache.catalina.core.ContainerBase.[Tomcat].[localhost].[/] - Initializing Spring embedded WebApplicationContext
2026-03-23 23:17:26 [main] INFO  org.springframework.boot.web.servlet.context.ServletWebServerApplicationContext - Root WebApplicationContext: initialization completed in 5481 ms
2026-03-23 23:17:26 [main] INFO  com.zaxxer.hikari.HikariDataSource - HikariPool-1 - Starting...
2026-03-23 23:17:27 [main] INFO  com.zaxxer.hikari.pool.HikariPool - HikariPool-1 - Added connection org.postgresql.jdbc.PgConnection@4a7e469d
2026-03-23 23:17:27 [main] INFO  com.zaxxer.hikari.HikariDataSource - HikariPool-1 - Start completed.
2026-03-23 23:17:27 [main] INFO  com.paynest.config.MultiTenantConnectionProviderImpl - MultiTenantConnectionProvider loaded - MultiTenantConnectionProviderImpl
2026-03-23 23:17:27 [main] INFO  com.paynest.config.tenant.TenantIdentifierResolver - TenantIdentifierResolver loaded
2026-03-23 23:17:27 [main] INFO  com.paynest.config.HibernateTenantConfig - Multi-tenant configuration loaded
2026-03-23 23:17:27 [main] INFO  org.hibernate.jpa.internal.util.LogHelper - HHH000204: Processing PersistenceUnitInfo [name: default]
2026-03-23 23:17:27 [main] INFO  org.hibernate.Version - HHH000412: Hibernate ORM core version 6.4.1.Final
2026-03-23 23:17:28 [main] INFO  org.hibernate.cache.internal.RegionFactoryInitiator - HHH000026: Second-level cache disabled
2026-03-23 23:17:28 [main] INFO  org.springframework.orm.jpa.persistenceunit.SpringPersistenceUnitInfo - No LoadTimeWeaver setup: ignoring JPA class transformer
2026-03-23 23:17:28 [main] INFO  com.paynest.config.MultiTenantConnectionProviderImpl - Calling getAnyConnection
2026-03-23 23:17:31 [main] INFO  org.hibernate.engine.transaction.jta.platform.internal.JtaPlatformInitiator - HHH000489: No JTA platform available (set 'hibernate.transaction.jta.platform' to enable JTA platform integration)
2026-03-23 23:17:31 [main] INFO  org.springframework.orm.jpa.LocalContainerEntityManagerFactoryBean - Initialized JPA EntityManagerFactory for persistence unit 'default'
2026-03-23 23:17:32 [main] INFO  org.springframework.boot.web.servlet.RegistrationBean - Filter tenantFilterRegistration was not registered (disabled)
2026-03-23 23:17:32 [main] INFO  org.springframework.boot.web.servlet.RegistrationBean - Filter apiAuditKafkaFilterRegistration was not registered (disabled)
2026-03-23 23:17:32 [main] DEBUG com.paynest.config.security.JwtAuthenticationFilter - Filter 'jwtAuthenticationFilter' configured for use
2026-03-23 23:17:32 [main] INFO  org.springframework.data.jpa.repository.query.QueryEnhancerFactory - Hibernate is in classpath; If applicable, HQL parser will be used.
2026-03-23 23:17:35 [main] INFO  org.springframework.security.web.DefaultSecurityFilterChain - Will secure any request with [org.springframework.security.web.session.DisableEncodeUrlFilter@5f936aad, org.springframework.security.web.context.request.async.WebAsyncManagerIntegrationFilter@1931d9f3, org.springframework.security.web.context.SecurityContextHolderFilter@5eb11bb7, org.springframework.security.web.header.HeaderWriterFilter@1861c4a9, org.springframework.web.filter.CorsFilter@2222aa18, org.springframework.security.web.authentication.logout.LogoutFilter@4977e527, com.paynest.config.security.JwtAuthenticationFilter@6466e599, com.paynest.config.TenantFilter@721384e0, com.paynest.config.ApiAuditKafkaFilter@730c4dfd, org.springframework.security.web.savedrequest.RequestCacheAwareFilter@1d57b043, org.springframework.security.web.servletapi.SecurityContextHolderAwareRequestFilter@4cad5173, org.springframework.security.web.authentication.AnonymousAuthenticationFilter@57d1cbb1, org.springframework.security.web.session.SessionManagementFilter@f33b8fc, org.springframework.security.web.access.ExceptionTranslationFilter@59889208, org.springframework.security.web.access.intercept.AuthorizationFilter@5cacf095]
2026-03-23 23:17:36 [main] INFO  org.apache.coyote.http11.Http11NioProtocol - Starting ProtocolHandler ["http-nio-auto-1"]
2026-03-23 23:17:36 [main] INFO  org.springframework.boot.web.embedded.tomcat.TomcatWebServer - Tomcat started on port 62448 (http) with context path ''
2026-03-23 23:17:36 [main] INFO  com.paynest.users.e2e.AccountRegistrationE2ETest - Started AccountRegistrationE2ETest in 17.505 seconds (process running for 24.473)
2026-03-23 23:17:40 [http-nio-auto-1-exec-1] INFO  org.apache.catalina.core.ContainerBase.[Tomcat].[localhost].[/] - Initializing Spring DispatcherServlet 'dispatcherServlet'
2026-03-23 23:17:40 [http-nio-auto-1-exec-1] INFO  org.springframework.web.servlet.DispatcherServlet - Initializing Servlet 'dispatcherServlet'
2026-03-23 23:17:40 [http-nio-auto-1-exec-1] INFO  org.springframework.web.servlet.DispatcherServlet - Completed initialization in 2 ms
2026-03-23 23:17:40 [http-nio-auto-1-exec-1] TRACE org.springframework.security.web.FilterChainProxy - Trying to match request against DefaultSecurityFilterChain [RequestMatcher=any request, Filters=[org.springframework.security.web.session.DisableEncodeUrlFilter@5f936aad, org.springframework.security.web.context.request.async.WebAsyncManagerIntegrationFilter@1931d9f3, org.springframework.security.web.context.SecurityContextHolderFilter@5eb11bb7, org.springframework.security.web.header.HeaderWriterFilter@1861c4a9, org.springframework.web.filter.CorsFilter@2222aa18, org.springframework.security.web.authentication.logout.LogoutFilter@4977e527, com.paynest.config.security.JwtAuthenticationFilter@6466e599, com.paynest.config.TenantFilter@721384e0, com.paynest.config.ApiAuditKafkaFilter@730c4dfd, org.springframework.security.web.savedrequest.RequestCacheAwareFilter@1d57b043, org.springframework.security.web.servletapi.SecurityContextHolderAwareRequestFilter@4cad5173, org.springframework.security.web.authentication.AnonymousAuthenticationFilter@57d1cbb1, org.springframework.security.web.session.SessionManagementFilter@f33b8fc, org.springframework.security.web.access.ExceptionTranslationFilter@59889208, org.springframework.security.web.access.intercept.AuthorizationFilter@5cacf095]] (1/1)
2026-03-23 23:17:40 [http-nio-auto-1-exec-1] DEBUG org.springframework.security.web.FilterChainProxy - Securing POST /api/v1/account/registerUser
2026-03-23 23:17:40 [http-nio-auto-1-exec-1] TRACE org.springframework.security.web.FilterChainProxy - Invoking DisableEncodeUrlFilter (1/15)
2026-03-23 23:17:40 [http-nio-auto-1-exec-1] TRACE org.springframework.security.web.FilterChainProxy - Invoking WebAsyncManagerIntegrationFilter (2/15)
2026-03-23 23:17:40 [http-nio-auto-1-exec-1] TRACE org.springframework.security.web.FilterChainProxy - Invoking SecurityContextHolderFilter (3/15)
2026-03-23 23:17:40 [http-nio-auto-1-exec-1] TRACE org.springframework.security.web.FilterChainProxy - Invoking HeaderWriterFilter (4/15)
2026-03-23 23:17:40 [http-nio-auto-1-exec-1] TRACE org.springframework.security.web.FilterChainProxy - Invoking CorsFilter (5/15)
2026-03-23 23:17:40 [http-nio-auto-1-exec-1] TRACE org.springframework.security.web.FilterChainProxy - Invoking LogoutFilter (6/15)
2026-03-23 23:17:40 [http-nio-auto-1-exec-1] TRACE org.springframework.security.web.FilterChainProxy - Invoking JwtAuthenticationFilter (7/15)
2026-03-23 23:17:40 [http-nio-auto-1-exec-1] INFO  com.paynest.config.security.JwtAuthenticationFilter - Inside JwtAuthenticationFilter
2026-03-23 23:17:40 [http-nio-auto-1-exec-1] TRACE org.springframework.security.web.FilterChainProxy - Invoking TenantFilter (8/15)
2026-03-23 23:17:40 [http-nio-auto-1-exec-1] ERROR com.paynest.config.TenantFilter - Filter error. code=X_TENANT_ID_MISSING, message=X-Tenant-Id missing, traceId=3a6b548f-e083-4299-b148-8f071964ceed
2026-03-23 23:17:40 [http-nio-auto-1-exec-1] INFO  com.paynest.config.TenantFilter - Clearing tenant context for tenant ID: null and Trace Context 3a6b548f-e083-4299-b148-8f071964ceed
2026-03-23 23:17:40 [http-nio-auto-1-exec-2] TRACE org.springframework.security.web.FilterChainProxy - Trying to match request against DefaultSecurityFilterChain [RequestMatcher=any request, Filters=[org.springframework.security.web.session.DisableEncodeUrlFilter@5f936aad, org.springframework.security.web.context.request.async.WebAsyncManagerIntegrationFilter@1931d9f3, org.springframework.security.web.context.SecurityContextHolderFilter@5eb11bb7, org.springframework.security.web.header.HeaderWriterFilter@1861c4a9, org.springframework.web.filter.CorsFilter@2222aa18, org.springframework.security.web.authentication.logout.LogoutFilter@4977e527, com.paynest.config.security.JwtAuthenticationFilter@6466e599, com.paynest.config.TenantFilter@721384e0, com.paynest.config.ApiAuditKafkaFilter@730c4dfd, org.springframework.security.web.savedrequest.RequestCacheAwareFilter@1d57b043, org.springframework.security.web.servletapi.SecurityContextHolderAwareRequestFilter@4cad5173, org.springframework.security.web.authentication.AnonymousAuthenticationFilter@57d1cbb1, org.springframework.security.web.session.SessionManagementFilter@f33b8fc, org.springframework.security.web.access.ExceptionTranslationFilter@59889208, org.springframework.security.web.access.intercept.AuthorizationFilter@5cacf095]] (1/1)
2026-03-23 23:17:40 [http-nio-auto-1-exec-2] DEBUG org.springframework.security.web.FilterChainProxy - Securing POST /api/v1/account/registerUser
2026-03-23 23:17:40 [http-nio-auto-1-exec-2] TRACE org.springframework.security.web.FilterChainProxy - Invoking DisableEncodeUrlFilter (1/15)
2026-03-23 23:17:40 [http-nio-auto-1-exec-2] TRACE org.springframework.security.web.FilterChainProxy - Invoking WebAsyncManagerIntegrationFilter (2/15)
2026-03-23 23:17:40 [http-nio-auto-1-exec-2] TRACE org.springframework.security.web.FilterChainProxy - Invoking SecurityContextHolderFilter (3/15)
2026-03-23 23:17:40 [http-nio-auto-1-exec-2] TRACE org.springframework.security.web.FilterChainProxy - Invoking HeaderWriterFilter (4/15)
2026-03-23 23:17:40 [http-nio-auto-1-exec-2] TRACE org.springframework.security.web.FilterChainProxy - Invoking CorsFilter (5/15)
2026-03-23 23:17:40 [http-nio-auto-1-exec-2] TRACE org.springframework.security.web.FilterChainProxy - Invoking LogoutFilter (6/15)
2026-03-23 23:17:40 [http-nio-auto-1-exec-2] TRACE org.springframework.security.web.FilterChainProxy - Invoking JwtAuthenticationFilter (7/15)
2026-03-23 23:17:40 [http-nio-auto-1-exec-2] INFO  com.paynest.config.security.JwtAuthenticationFilter - Inside JwtAuthenticationFilter
2026-03-23 23:17:40 [http-nio-auto-1-exec-2] TRACE org.springframework.security.web.FilterChainProxy - Invoking TenantFilter (8/15)
2026-03-23 23:17:40 [http-nio-auto-1-exec-2] INFO  com.paynest.config.TenantFilter - Tenant before filter chain: public and request TraceId 2bcafb4b-46cc-4bce-abfe-52cbfd400d70
2026-03-23 23:17:40 [http-nio-auto-1-exec-2] TRACE org.springframework.security.web.FilterChainProxy - Invoking ApiAuditKafkaFilter (9/15)
2026-03-23 23:17:40 [http-nio-auto-1-exec-2] TRACE org.springframework.security.web.FilterChainProxy - Invoking RequestCacheAwareFilter (10/15)
2026-03-23 23:17:40 [http-nio-auto-1-exec-2] TRACE org.springframework.security.web.FilterChainProxy - Invoking SecurityContextHolderAwareRequestFilter (11/15)
2026-03-23 23:17:40 [http-nio-auto-1-exec-2] TRACE org.springframework.security.web.FilterChainProxy - Invoking AnonymousAuthenticationFilter (12/15)
2026-03-23 23:17:40 [http-nio-auto-1-exec-2] TRACE org.springframework.security.web.FilterChainProxy - Invoking SessionManagementFilter (13/15)
2026-03-23 23:17:40 [http-nio-auto-1-exec-2] TRACE org.springframework.security.web.FilterChainProxy - Invoking ExceptionTranslationFilter (14/15)
2026-03-23 23:17:40 [http-nio-auto-1-exec-2] TRACE org.springframework.security.web.FilterChainProxy - Invoking AuthorizationFilter (15/15)
2026-03-23 23:17:40 [http-nio-auto-1-exec-2] DEBUG org.springframework.security.web.FilterChainProxy - Secured POST /api/v1/account/registerUser
2026-03-23 23:17:40 [http-nio-auto-1-exec-2] INFO  com.paynest.users.controller.AccountController - registration started
2026-03-23 23:17:40 [http-nio-auto-1-exec-2] INFO  com.paynest.users.controller.AccountController - registration completed
2026-03-23 23:17:41 [http-nio-auto-1-exec-2] INFO  com.paynest.config.tenant.TenantIdentifierResolver - Hibernate resolving tenant: public
2026-03-23 23:17:41 [http-nio-auto-1-exec-2] INFO  com.paynest.config.MultiTenantConnectionProviderImpl - tenantIdentifier in object : public
2026-03-23 23:17:41 [http-nio-auto-1-exec-2] DEBUG org.hibernate.SQL - insert into public.audit_api_logs (created_at,http_method,http_status,processing_time_ms,request_body,response_body,tenant_id,trace_id) values (?,?,?,?,?,?,?,?)
2026-03-23 23:17:41 [http-nio-auto-1-exec-2] TRACE org.hibernate.orm.jdbc.bind - binding parameter (1:TIMESTAMP) <- [2026-03-23T23:17:41.070763]
2026-03-23 23:17:41 [http-nio-auto-1-exec-2] TRACE org.hibernate.orm.jdbc.bind - binding parameter (2:VARCHAR) <- [POST]
2026-03-23 23:17:41 [http-nio-auto-1-exec-2] TRACE org.hibernate.orm.jdbc.bind - binding parameter (3:INTEGER) <- [200]
2026-03-23 23:17:41 [http-nio-auto-1-exec-2] TRACE org.hibernate.orm.jdbc.bind - binding parameter (4:BIGINT) <- [244]
2026-03-23 23:17:41 [http-nio-auto-1-exec-2] TRACE org.hibernate.orm.jdbc.bind - binding parameter (5:JSON) <- [{"tenantId":"tenant-1","requestId":"req-001","user":{"mobileNumber":"9876543210","accountType":"MERCHANT","firstName":"John","lastName":"Doe","email":"john.doe@test.com","address":"Address 1","gender":"MALE","dateOfBirth":"1990-01-01","preferredLang":"en","nationality":"US","ssn":"123456789","remarks":"new user","loginId":"johnlogin01"}}]
2026-03-23 23:17:41 [http-nio-auto-1-exec-2] TRACE org.hibernate.orm.jdbc.bind - binding parameter (6:JSON) <- [{"status":"SUCCESS","requestId":"req-001","message":"User registered successfully","accountId":"AC202602240001"}]
2026-03-23 23:17:41 [http-nio-auto-1-exec-2] TRACE org.hibernate.orm.jdbc.bind - binding parameter (7:VARCHAR) <- [tenant-1]
2026-03-23 23:17:41 [http-nio-auto-1-exec-2] TRACE org.hibernate.orm.jdbc.bind - binding parameter (8:VARCHAR) <- [2bcafb4b-46cc-4bce-abfe-52cbfd400d70]
2026-03-23 23:17:41 [http-nio-auto-1-exec-2] INFO  com.paynest.config.TenantFilter - Clearing tenant context for tenant ID: tenant-1 and Trace Context 2bcafb4b-46cc-4bce-abfe-52cbfd400d70
2026-03-23 23:17:43 [http-nio-auto-1-exec-3] TRACE org.springframework.security.web.FilterChainProxy - Trying to match request against DefaultSecurityFilterChain [RequestMatcher=any request, Filters=[org.springframework.security.web.session.DisableEncodeUrlFilter@5f936aad, org.springframework.security.web.context.request.async.WebAsyncManagerIntegrationFilter@1931d9f3, org.springframework.security.web.context.SecurityContextHolderFilter@5eb11bb7, org.springframework.security.web.header.HeaderWriterFilter@1861c4a9, org.springframework.web.filter.CorsFilter@2222aa18, org.springframework.security.web.authentication.logout.LogoutFilter@4977e527, com.paynest.config.security.JwtAuthenticationFilter@6466e599, com.paynest.config.TenantFilter@721384e0, com.paynest.config.ApiAuditKafkaFilter@730c4dfd, org.springframework.security.web.savedrequest.RequestCacheAwareFilter@1d57b043, org.springframework.security.web.servletapi.SecurityContextHolderAwareRequestFilter@4cad5173, org.springframework.security.web.authentication.AnonymousAuthenticationFilter@57d1cbb1, org.springframework.security.web.session.SessionManagementFilter@f33b8fc, org.springframework.security.web.access.ExceptionTranslationFilter@59889208, org.springframework.security.web.access.intercept.AuthorizationFilter@5cacf095]] (1/1)
2026-03-23 23:17:43 [http-nio-auto-1-exec-3] DEBUG org.springframework.security.web.FilterChainProxy - Securing POST /api/v1/account/registerUser
2026-03-23 23:17:43 [http-nio-auto-1-exec-3] TRACE org.springframework.security.web.FilterChainProxy - Invoking DisableEncodeUrlFilter (1/15)
2026-03-23 23:17:43 [http-nio-auto-1-exec-3] TRACE org.springframework.security.web.FilterChainProxy - Invoking WebAsyncManagerIntegrationFilter (2/15)
2026-03-23 23:17:43 [http-nio-auto-1-exec-3] TRACE org.springframework.security.web.FilterChainProxy - Invoking SecurityContextHolderFilter (3/15)
2026-03-23 23:17:43 [http-nio-auto-1-exec-3] TRACE org.springframework.security.web.FilterChainProxy - Invoking HeaderWriterFilter (4/15)
2026-03-23 23:17:43 [http-nio-auto-1-exec-3] TRACE org.springframework.security.web.FilterChainProxy - Invoking CorsFilter (5/15)
2026-03-23 23:17:43 [http-nio-auto-1-exec-3] TRACE org.springframework.security.web.FilterChainProxy - Invoking LogoutFilter (6/15)
2026-03-23 23:17:43 [http-nio-auto-1-exec-3] TRACE org.springframework.security.web.FilterChainProxy - Invoking JwtAuthenticationFilter (7/15)
2026-03-23 23:17:43 [http-nio-auto-1-exec-3] INFO  com.paynest.config.security.JwtAuthenticationFilter - Inside JwtAuthenticationFilter
2026-03-23 23:17:43 [http-nio-auto-1-exec-3] TRACE org.springframework.security.web.FilterChainProxy - Invoking TenantFilter (8/15)
2026-03-23 23:17:43 [http-nio-auto-1-exec-3] INFO  com.paynest.config.TenantFilter - Tenant before filter chain: public and request TraceId 462e2307-a9f3-4446-8188-3d8ceecee913
2026-03-23 23:17:43 [http-nio-auto-1-exec-3] TRACE org.springframework.security.web.FilterChainProxy - Invoking ApiAuditKafkaFilter (9/15)
2026-03-23 23:17:43 [http-nio-auto-1-exec-3] TRACE org.springframework.security.web.FilterChainProxy - Invoking RequestCacheAwareFilter (10/15)
2026-03-23 23:17:43 [http-nio-auto-1-exec-3] TRACE org.springframework.security.web.FilterChainProxy - Invoking SecurityContextHolderAwareRequestFilter (11/15)
2026-03-23 23:17:43 [http-nio-auto-1-exec-3] TRACE org.springframework.security.web.FilterChainProxy - Invoking AnonymousAuthenticationFilter (12/15)
2026-03-23 23:17:43 [http-nio-auto-1-exec-3] TRACE org.springframework.security.web.FilterChainProxy - Invoking SessionManagementFilter (13/15)
2026-03-23 23:17:43 [http-nio-auto-1-exec-3] TRACE org.springframework.security.web.FilterChainProxy - Invoking ExceptionTranslationFilter (14/15)
2026-03-23 23:17:43 [http-nio-auto-1-exec-3] TRACE org.springframework.security.web.FilterChainProxy - Invoking AuthorizationFilter (15/15)
2026-03-23 23:17:43 [http-nio-auto-1-exec-3] DEBUG org.springframework.security.web.FilterChainProxy - Secured POST /api/v1/account/registerUser
2026-03-23 23:17:43 [http-nio-auto-1-exec-3] INFO  com.paynest.users.controller.AccountController - registration started
2026-03-23 23:17:43 [http-nio-auto-1-exec-3] INFO  com.paynest.config.tenant.TenantIdentifierResolver - Hibernate resolving tenant: public
2026-03-23 23:17:43 [http-nio-auto-1-exec-3] INFO  com.paynest.config.MultiTenantConnectionProviderImpl - tenantIdentifier in object : public
2026-03-23 23:17:43 [http-nio-auto-1-exec-3] DEBUG org.hibernate.SQL - insert into public.audit_api_logs (created_at,http_method,http_status,processing_time_ms,request_body,response_body,tenant_id,trace_id) values (?,?,?,?,?,?,?,?)
2026-03-23 23:17:43 [http-nio-auto-1-exec-3] TRACE org.hibernate.orm.jdbc.bind - binding parameter (1:TIMESTAMP) <- [2026-03-23T23:17:43.195730900]
2026-03-23 23:17:43 [http-nio-auto-1-exec-3] TRACE org.hibernate.orm.jdbc.bind - binding parameter (2:VARCHAR) <- [POST]
2026-03-23 23:17:43 [http-nio-auto-1-exec-3] TRACE org.hibernate.orm.jdbc.bind - binding parameter (3:INTEGER) <- [400]
2026-03-23 23:17:43 [http-nio-auto-1-exec-3] TRACE org.hibernate.orm.jdbc.bind - binding parameter (4:BIGINT) <- [18]
2026-03-23 23:17:43 [http-nio-auto-1-exec-3] TRACE org.hibernate.orm.jdbc.bind - binding parameter (5:JSON) <- [{"tenantId":"tenant-1","requestId":"req-003","user":{"mobileNumber":"9999999999","accountType":"BILLER","firstName":"Sam","lastName":"Smith","loginId":"samlogin01"}}]
2026-03-23 23:17:43 [http-nio-auto-1-exec-3] TRACE org.hibernate.orm.jdbc.bind - binding parameter (6:JSON) <- [{"responseStatus":"FAILURE","code":"USER_EXISTS","message":"User already exists","timestamp":"2026-03-23T17:47:43.184729200Z","traceId":"462e2307-a9f3-4446-8188-3d8ceecee913"}]
2026-03-23 23:17:43 [http-nio-auto-1-exec-3] TRACE org.hibernate.orm.jdbc.bind - binding parameter (7:VARCHAR) <- [tenant-1]
2026-03-23 23:17:43 [http-nio-auto-1-exec-3] TRACE org.hibernate.orm.jdbc.bind - binding parameter (8:VARCHAR) <- [462e2307-a9f3-4446-8188-3d8ceecee913]
2026-03-23 23:17:43 [http-nio-auto-1-exec-3] INFO  com.paynest.config.TenantFilter - Clearing tenant context for tenant ID: tenant-1 and Trace Context 462e2307-a9f3-4446-8188-3d8ceecee913
2026-03-23 23:17:43 [main] INFO  org.springframework.test.context.support.AnnotationConfigContextLoaderUtils - Could not detect default configuration classes for test class [com.paynest.users.e2e.CustomerLifecycleJourneyE2ETest]: CustomerLifecycleJourneyE2ETest does not declare any static, non-private, non-final, nested classes annotated with @Configuration.
2026-03-23 23:17:43 [main] INFO  org.springframework.boot.test.context.SpringBootTestContextBootstrapper - Found @SpringBootConfiguration com.paynest.PayNestApplication for test class com.paynest.users.e2e.CustomerLifecycleJourneyE2ETest
2026-03-23 23:17:43 [main] WARN  org.springframework.boot.test.json.DuplicateJsonObjectContextCustomizerFactory$DuplicateJsonObjectContextCustomizer - 

Found multiple occurrences of org.json.JSONObject on the class path:

	jar:file:/C:/Users/Lenovo/.m2/repository/com/vaadin/external/google/android-json/0.0.20131108.vaadin1/android-json-0.0.20131108.vaadin1.jar!/org/json/JSONObject.class
	jar:file:/C:/Users/Lenovo/.m2/repository/org/json/json/20250107/json-20250107.jar!/org/json/JSONObject.class

You may wish to exclude one of them to ensure predictable runtime behavior

2026-03-23 23:17:43 [main] INFO  com.paynest.users.e2e.CustomerLifecycleJourneyE2ETest - Starting CustomerLifecycleJourneyE2ETest using Java 17.0.18 with PID 7820 (started by Lenovo in C:\Users\Lenovo\OneDrive\Desktop\PayNest\paynestCode)
2026-03-23 23:17:43 [main] DEBUG com.paynest.users.e2e.CustomerLifecycleJourneyE2ETest - Running with Spring Boot v3.2.1, Spring v6.1.2
2026-03-23 23:17:43 [main] INFO  com.paynest.users.e2e.CustomerLifecycleJourneyE2ETest - No active profile set, falling back to 1 default profile: "default"
2026-03-23 23:17:43 [main] INFO  org.springframework.data.repository.config.RepositoryConfigurationDelegate - Multiple Spring Data modules found, entering strict repository configuration mode
2026-03-23 23:17:43 [main] INFO  org.springframework.data.repository.config.RepositoryConfigurationDelegate - Bootstrapping Spring Data JPA repositories in DEFAULT mode.
2026-03-23 23:17:43 [main] INFO  org.springframework.data.repository.config.RepositoryConfigurationDelegate - Finished Spring Data repository scanning in 67 ms. Found 19 JPA repository interfaces.
2026-03-23 23:17:43 [main] INFO  org.springframework.data.repository.config.RepositoryConfigurationDelegate - Multiple Spring Data modules found, entering strict repository configuration mode
2026-03-23 23:17:43 [main] INFO  org.springframework.data.repository.config.RepositoryConfigurationDelegate - Bootstrapping Spring Data Redis repositories in DEFAULT mode.
2026-03-23 23:17:44 [main] INFO  org.springframework.data.repository.config.RepositoryConfigurationExtensionSupport - Spring Data Redis - Could not safely identify store assignment for repository candidate interface com.paynest.config.repository.AuditApiLogRepository; If you want this repository to be a Redis repository, consider annotating your entities with one of these annotations: org.springframework.data.redis.core.RedisHash (preferred), or consider extending one of the following types with your repository: org.springframework.data.keyvalue.repository.KeyValueRepository
2026-03-23 23:17:44 [main] INFO  org.springframework.data.repository.config.RepositoryConfigurationExtensionSupport - Spring Data Redis - Could not safely identify store assignment for repository candidate interface com.paynest.config.repository.EnumerationRepository; If you want this repository to be a Redis repository, consider annotating your entities with one of these annotations: org.springframework.data.redis.core.RedisHash (preferred), or consider extending one of the following types with your repository: org.springframework.data.keyvalue.repository.KeyValueRepository
2026-03-23 23:17:44 [main] INFO  org.springframework.data.repository.config.RepositoryConfigurationExtensionSupport - Spring Data Redis - Could not safely identify store assignment for repository candidate interface com.paynest.config.repository.SupportedLanguageRepository; If you want this repository to be a Redis repository, consider annotating your entities with one of these annotations: org.springframework.data.redis.core.RedisHash (preferred), or consider extending one of the following types with your repository: org.springframework.data.keyvalue.repository.KeyValueRepository
2026-03-23 23:17:44 [main] INFO  org.springframework.data.repository.config.RepositoryConfigurationExtensionSupport - Spring Data Redis - Could not safely identify store assignment for repository candidate interface com.paynest.config.repository.TenantRegistryRepository; If you want this repository to be a Redis repository, consider annotating your entities with one of these annotations: org.springframework.data.redis.core.RedisHash (preferred), or consider extending one of the following types with your repository: org.springframework.data.keyvalue.repository.KeyValueRepository
2026-03-23 23:17:44 [main] INFO  org.springframework.data.repository.config.RepositoryConfigurationExtensionSupport - Spring Data Redis - Could not safely identify store assignment for repository candidate interface com.paynest.payments.repository.TransactionDetailsRepository; If you want this repository to be a Redis repository, consider annotating your entities with one of these annotations: org.springframework.data.redis.core.RedisHash (preferred), or consider extending one of the following types with your repository: org.springframework.data.keyvalue.repository.KeyValueRepository
2026-03-23 23:17:44 [main] INFO  org.springframework.data.repository.config.RepositoryConfigurationExtensionSupport - Spring Data Redis - Could not safely identify store assignment for repository candidate interface com.paynest.payments.repository.TransactionsRepository; If you want this repository to be a Redis repository, consider annotating your entities with one of these annotations: org.springframework.data.redis.core.RedisHash (preferred), or consider extending one of the following types with your repository: org.springframework.data.keyvalue.repository.KeyValueRepository
2026-03-23 23:17:44 [main] INFO  org.springframework.data.repository.config.RepositoryConfigurationExtensionSupport - Spring Data Redis - Could not safely identify store assignment for repository candidate interface com.paynest.payments.repository.WalletLedgerRepository; If you want this repository to be a Redis repository, consider annotating your entities with one of these annotations: org.springframework.data.redis.core.RedisHash (preferred), or consider extending one of the following types with your repository: org.springframework.data.keyvalue.repository.KeyValueRepository
2026-03-23 23:17:44 [main] INFO  org.springframework.data.repository.config.RepositoryConfigurationExtensionSupport - Spring Data Redis - Could not safely identify store assignment for repository candidate interface com.paynest.users.repository.AccountAuthRepository; If you want this repository to be a Redis repository, consider annotating your entities with one of these annotations: org.springframework.data.redis.core.RedisHash (preferred), or consider extending one of the following types with your repository: org.springframework.data.keyvalue.repository.KeyValueRepository
2026-03-23 23:17:44 [main] INFO  org.springframework.data.repository.config.RepositoryConfigurationExtensionSupport - Spring Data Redis - Could not safely identify store assignment for repository candidate interface com.paynest.users.repository.AccountIdentifierRepository; If you want this repository to be a Redis repository, consider annotating your entities with one of these annotations: org.springframework.data.redis.core.RedisHash (preferred), or consider extending one of the following types with your repository: org.springframework.data.keyvalue.repository.KeyValueRepository
2026-03-23 23:17:44 [main] INFO  org.springframework.data.repository.config.RepositoryConfigurationExtensionSupport - Spring Data Redis - Could not safely identify store assignment for repository candidate interface com.paynest.users.repository.AccountRepository; If you want this repository to be a Redis repository, consider annotating your entities with one of these annotations: org.springframework.data.redis.core.RedisHash (preferred), or consider extending one of the following types with your repository: org.springframework.data.keyvalue.repository.KeyValueRepository
2026-03-23 23:17:44 [main] INFO  org.springframework.data.repository.config.RepositoryConfigurationExtensionSupport - Spring Data Redis - Could not safely identify store assignment for repository candidate interface com.paynest.users.repository.AuthChallengeRepository; If you want this repository to be a Redis repository, consider annotating your entities with one of these annotations: org.springframework.data.redis.core.RedisHash (preferred), or consider extending one of the following types with your repository: org.springframework.data.keyvalue.repository.KeyValueRepository
2026-03-23 23:17:44 [main] INFO  org.springframework.data.repository.config.RepositoryConfigurationExtensionSupport - Spring Data Redis - Could not safely identify store assignment for repository candidate interface com.paynest.users.repository.KycDocumentRepository; If you want this repository to be a Redis repository, consider annotating your entities with one of these annotations: org.springframework.data.redis.core.RedisHash (preferred), or consider extending one of the following types with your repository: org.springframework.data.keyvalue.repository.KeyValueRepository
2026-03-23 23:17:44 [main] INFO  org.springframework.data.repository.config.RepositoryConfigurationExtensionSupport - Spring Data Redis - Could not safely identify store assignment for repository candidate interface com.paynest.users.repository.OtpRepository; If you want this repository to be a Redis repository, consider annotating your entities with one of these annotations: org.springframework.data.redis.core.RedisHash (preferred), or consider extending one of the following types with your repository: org.springframework.data.keyvalue.repository.KeyValueRepository
2026-03-23 23:17:44 [main] INFO  org.springframework.data.repository.config.RepositoryConfigurationExtensionSupport - Spring Data Redis - Could not safely identify store assignment for repository candidate interface com.paynest.users.repository.PermissionRepository; If you want this repository to be a Redis repository, consider annotating your entities with one of these annotations: org.springframework.data.redis.core.RedisHash (preferred), or consider extending one of the following types with your repository: org.springframework.data.keyvalue.repository.KeyValueRepository
2026-03-23 23:17:44 [main] INFO  org.springframework.data.repository.config.RepositoryConfigurationExtensionSupport - Spring Data Redis - Could not safely identify store assignment for repository candidate interface com.paynest.users.repository.RolePermissionRepository; If you want this repository to be a Redis repository, consider annotating your entities with one of these annotations: org.springframework.data.redis.core.RedisHash (preferred), or consider extending one of the following types with your repository: org.springframework.data.keyvalue.repository.KeyValueRepository
2026-03-23 23:17:44 [main] INFO  org.springframework.data.repository.config.RepositoryConfigurationExtensionSupport - Spring Data Redis - Could not safely identify store assignment for repository candidate interface com.paynest.users.repository.RoleRepository; If you want this repository to be a Redis repository, consider annotating your entities with one of these annotations: org.springframework.data.redis.core.RedisHash (preferred), or consider extending one of the following types with your repository: org.springframework.data.keyvalue.repository.KeyValueRepository
2026-03-23 23:17:44 [main] INFO  org.springframework.data.repository.config.RepositoryConfigurationExtensionSupport - Spring Data Redis - Could not safely identify store assignment for repository candidate interface com.paynest.users.repository.UserRoleRepository; If you want this repository to be a Redis repository, consider annotating your entities with one of these annotations: org.springframework.data.redis.core.RedisHash (preferred), or consider extending one of the following types with your repository: org.springframework.data.keyvalue.repository.KeyValueRepository
2026-03-23 23:17:44 [main] INFO  org.springframework.data.repository.config.RepositoryConfigurationExtensionSupport - Spring Data Redis - Could not safely identify store assignment for repository candidate interface com.paynest.users.repository.WalletBalanceRepository; If you want this repository to be a Redis repository, consider annotating your entities with one of these annotations: org.springframework.data.redis.core.RedisHash (preferred), or consider extending one of the following types with your repository: org.springframework.data.keyvalue.repository.KeyValueRepository
2026-03-23 23:17:44 [main] INFO  org.springframework.data.repository.config.RepositoryConfigurationExtensionSupport - Spring Data Redis - Could not safely identify store assignment for repository candidate interface com.paynest.users.repository.WalletRepository; If you want this repository to be a Redis repository, consider annotating your entities with one of these annotations: org.springframework.data.redis.core.RedisHash (preferred), or consider extending one of the following types with your repository: org.springframework.data.keyvalue.repository.KeyValueRepository
2026-03-23 23:17:44 [main] INFO  org.springframework.data.repository.config.RepositoryConfigurationDelegate - Finished Spring Data repository scanning in 16 ms. Found 0 Redis repository interfaces.
2026-03-23 23:17:44 [main] INFO  org.springframework.boot.web.embedded.tomcat.TomcatWebServer - Tomcat initialized with port 0 (http)
2026-03-23 23:17:44 [main] INFO  org.apache.coyote.http11.Http11NioProtocol - Initializing ProtocolHandler ["http-nio-auto-2"]
2026-03-23 23:17:44 [main] INFO  org.apache.catalina.core.StandardService - Starting service [Tomcat]
2026-03-23 23:17:44 [main] INFO  org.apache.catalina.core.StandardEngine - Starting Servlet engine: [Apache Tomcat/10.1.17]
2026-03-23 23:17:44 [main] INFO  org.apache.catalina.core.ContainerBase.[Tomcat-1].[localhost].[/] - Initializing Spring embedded WebApplicationContext
2026-03-23 23:17:44 [main] INFO  org.springframework.boot.web.servlet.context.ServletWebServerApplicationContext - Root WebApplicationContext: initialization completed in 1295 ms
2026-03-23 23:17:44 [main] INFO  com.zaxxer.hikari.HikariDataSource - HikariPool-2 - Starting...
2026-03-23 23:17:44 [main] INFO  com.zaxxer.hikari.pool.HikariPool - HikariPool-2 - Added connection org.postgresql.jdbc.PgConnection@2ee98de
2026-03-23 23:17:44 [main] INFO  com.zaxxer.hikari.HikariDataSource - HikariPool-2 - Start completed.
2026-03-23 23:17:44 [main] INFO  com.paynest.config.MultiTenantConnectionProviderImpl - MultiTenantConnectionProvider loaded - MultiTenantConnectionProviderImpl
2026-03-23 23:17:44 [main] INFO  com.paynest.config.tenant.TenantIdentifierResolver - TenantIdentifierResolver loaded
2026-03-23 23:17:44 [main] INFO  com.paynest.config.HibernateTenantConfig - Multi-tenant configuration loaded
2026-03-23 23:17:44 [main] INFO  org.hibernate.jpa.internal.util.LogHelper - HHH000204: Processing PersistenceUnitInfo [name: default]
2026-03-23 23:17:44 [main] INFO  org.hibernate.cache.internal.RegionFactoryInitiator - HHH000026: Second-level cache disabled
2026-03-23 23:17:44 [main] INFO  org.springframework.orm.jpa.persistenceunit.SpringPersistenceUnitInfo - No LoadTimeWeaver setup: ignoring JPA class transformer
2026-03-23 23:17:44 [main] INFO  com.paynest.config.MultiTenantConnectionProviderImpl - Calling getAnyConnection
2026-03-23 23:17:45 [main] INFO  org.hibernate.engine.transaction.jta.platform.internal.JtaPlatformInitiator - HHH000489: No JTA platform available (set 'hibernate.transaction.jta.platform' to enable JTA platform integration)
2026-03-23 23:17:45 [main] INFO  org.springframework.orm.jpa.LocalContainerEntityManagerFactoryBean - Initialized JPA EntityManagerFactory for persistence unit 'default'
2026-03-23 23:17:45 [main] INFO  org.springframework.boot.web.servlet.RegistrationBean - Filter tenantFilterRegistration was not registered (disabled)
2026-03-23 23:17:45 [main] INFO  org.springframework.boot.web.servlet.RegistrationBean - Filter apiAuditKafkaFilterRegistration was not registered (disabled)
2026-03-23 23:17:45 [main] DEBUG com.paynest.config.security.JwtAuthenticationFilter - Filter 'jwtAuthenticationFilter' configured for use
2026-03-23 23:17:46 [main] INFO  org.springframework.security.web.DefaultSecurityFilterChain - Will secure any request with [org.springframework.security.web.session.DisableEncodeUrlFilter@6bc07760, org.springframework.security.web.context.request.async.WebAsyncManagerIntegrationFilter@f4416fc, org.springframework.security.web.context.SecurityContextHolderFilter@43567fca, org.springframework.security.web.header.HeaderWriterFilter@50165085, org.springframework.web.filter.CorsFilter@5d63d496, org.springframework.security.web.authentication.logout.LogoutFilter@5e074ce8, com.paynest.config.security.JwtAuthenticationFilter@2aeaa332, com.paynest.config.TenantFilter@39ccab78, com.paynest.config.ApiAuditKafkaFilter@319cfa78, org.springframework.security.web.savedrequest.RequestCacheAwareFilter@7cba8a36, org.springframework.security.web.servletapi.SecurityContextHolderAwareRequestFilter@1eca6f5c, org.springframework.security.web.authentication.AnonymousAuthenticationFilter@2b95004a, org.springframework.security.web.session.SessionManagementFilter@699b37d4, org.springframework.security.web.access.ExceptionTranslationFilter@8a6eeb8, org.springframework.security.web.access.intercept.AuthorizationFilter@3b39b73f]
2026-03-23 23:17:46 [main] INFO  org.apache.coyote.http11.Http11NioProtocol - Starting ProtocolHandler ["http-nio-auto-2"]
2026-03-23 23:17:46 [main] INFO  org.springframework.boot.web.embedded.tomcat.TomcatWebServer - Tomcat started on port 62457 (http) with context path ''
2026-03-23 23:17:46 [main] INFO  com.paynest.users.e2e.CustomerLifecycleJourneyE2ETest - Started CustomerLifecycleJourneyE2ETest in 3.417 seconds (process running for 34.446)
2026-03-23 23:17:46 [http-nio-auto-2-exec-1] INFO  org.apache.catalina.core.ContainerBase.[Tomcat-1].[localhost].[/] - Initializing Spring DispatcherServlet 'dispatcherServlet'
2026-03-23 23:17:46 [http-nio-auto-2-exec-1] INFO  org.springframework.web.servlet.DispatcherServlet - Initializing Servlet 'dispatcherServlet'
2026-03-23 23:17:46 [http-nio-auto-2-exec-1] INFO  org.springframework.web.servlet.DispatcherServlet - Completed initialization in 1 ms
2026-03-23 23:17:46 [http-nio-auto-2-exec-1] TRACE org.springframework.security.web.FilterChainProxy - Trying to match request against DefaultSecurityFilterChain [RequestMatcher=any request, Filters=[org.springframework.security.web.session.DisableEncodeUrlFilter@6bc07760, org.springframework.security.web.context.request.async.WebAsyncManagerIntegrationFilter@f4416fc, org.springframework.security.web.context.SecurityContextHolderFilter@43567fca, org.springframework.security.web.header.HeaderWriterFilter@50165085, org.springframework.web.filter.CorsFilter@5d63d496, org.springframework.security.web.authentication.logout.LogoutFilter@5e074ce8, com.paynest.config.security.JwtAuthenticationFilter@2aeaa332, com.paynest.config.TenantFilter@39ccab78, com.paynest.config.ApiAuditKafkaFilter@319cfa78, org.springframework.security.web.savedrequest.RequestCacheAwareFilter@7cba8a36, org.springframework.security.web.servletapi.SecurityContextHolderAwareRequestFilter@1eca6f5c, org.springframework.security.web.authentication.AnonymousAuthenticationFilter@2b95004a, org.springframework.security.web.session.SessionManagementFilter@699b37d4, org.springframework.security.web.access.ExceptionTranslationFilter@8a6eeb8, org.springframework.security.web.access.intercept.AuthorizationFilter@3b39b73f]] (1/1)
2026-03-23 23:17:46 [http-nio-auto-2-exec-1] DEBUG org.springframework.security.web.FilterChainProxy - Securing POST /api/v1/account/register/selfGenOtp
2026-03-23 23:17:46 [http-nio-auto-2-exec-1] TRACE org.springframework.security.web.FilterChainProxy - Invoking DisableEncodeUrlFilter (1/15)
2026-03-23 23:17:46 [http-nio-auto-2-exec-1] TRACE org.springframework.security.web.FilterChainProxy - Invoking WebAsyncManagerIntegrationFilter (2/15)
2026-03-23 23:17:46 [http-nio-auto-2-exec-1] TRACE org.springframework.security.web.FilterChainProxy - Invoking SecurityContextHolderFilter (3/15)
2026-03-23 23:17:46 [http-nio-auto-2-exec-1] TRACE org.springframework.security.web.FilterChainProxy - Invoking HeaderWriterFilter (4/15)
2026-03-23 23:17:46 [http-nio-auto-2-exec-1] TRACE org.springframework.security.web.FilterChainProxy - Invoking CorsFilter (5/15)
2026-03-23 23:17:46 [http-nio-auto-2-exec-1] TRACE org.springframework.security.web.FilterChainProxy - Invoking LogoutFilter (6/15)
2026-03-23 23:17:46 [http-nio-auto-2-exec-1] TRACE org.springframework.security.web.FilterChainProxy - Invoking JwtAuthenticationFilter (7/15)
2026-03-23 23:17:46 [http-nio-auto-2-exec-1] INFO  com.paynest.config.security.JwtAuthenticationFilter - Inside JwtAuthenticationFilter
2026-03-23 23:17:46 [http-nio-auto-2-exec-1] TRACE org.springframework.security.web.FilterChainProxy - Invoking TenantFilter (8/15)
2026-03-23 23:17:46 [http-nio-auto-2-exec-1] INFO  com.paynest.config.TenantFilter - Tenant before filter chain: public and request TraceId b05a5e00-21db-4c7c-85cf-d677e5480aa6
2026-03-23 23:17:46 [http-nio-auto-2-exec-1] TRACE org.springframework.security.web.FilterChainProxy - Invoking ApiAuditKafkaFilter (9/15)
2026-03-23 23:17:46 [http-nio-auto-2-exec-1] TRACE org.springframework.security.web.FilterChainProxy - Invoking RequestCacheAwareFilter (10/15)
2026-03-23 23:17:46 [http-nio-auto-2-exec-1] TRACE org.springframework.security.web.FilterChainProxy - Invoking SecurityContextHolderAwareRequestFilter (11/15)
2026-03-23 23:17:46 [http-nio-auto-2-exec-1] TRACE org.springframework.security.web.FilterChainProxy - Invoking AnonymousAuthenticationFilter (12/15)
2026-03-23 23:17:46 [http-nio-auto-2-exec-1] TRACE org.springframework.security.web.FilterChainProxy - Invoking SessionManagementFilter (13/15)
2026-03-23 23:17:46 [http-nio-auto-2-exec-1] TRACE org.springframework.security.web.FilterChainProxy - Invoking ExceptionTranslationFilter (14/15)
2026-03-23 23:17:46 [http-nio-auto-2-exec-1] TRACE org.springframework.security.web.FilterChainProxy - Invoking AuthorizationFilter (15/15)
2026-03-23 23:17:46 [http-nio-auto-2-exec-1] DEBUG org.springframework.security.web.FilterChainProxy - Secured POST /api/v1/account/register/selfGenOtp
2026-03-23 23:17:46 [http-nio-auto-2-exec-1] INFO  com.paynest.users.controller.AccountController - Generate Otp for new registration
2026-03-23 23:17:46 [http-nio-auto-2-exec-1] INFO  com.paynest.config.tenant.TenantIdentifierResolver - Hibernate resolving tenant: public
2026-03-23 23:17:46 [http-nio-auto-2-exec-1] INFO  com.paynest.config.MultiTenantConnectionProviderImpl - tenantIdentifier in object : public
2026-03-23 23:17:46 [http-nio-auto-2-exec-1] DEBUG org.hibernate.SQL - insert into public.audit_api_logs (created_at,http_method,http_status,processing_time_ms,request_body,response_body,tenant_id,trace_id) values (?,?,?,?,?,?,?,?)
2026-03-23 23:17:46 [http-nio-auto-2-exec-1] TRACE org.hibernate.orm.jdbc.bind - binding parameter (1:TIMESTAMP) <- [2026-03-23T23:17:46.846671900]
2026-03-23 23:17:46 [http-nio-auto-2-exec-1] TRACE org.hibernate.orm.jdbc.bind - binding parameter (2:VARCHAR) <- [POST]
2026-03-23 23:17:46 [http-nio-auto-2-exec-1] TRACE org.hibernate.orm.jdbc.bind - binding parameter (3:INTEGER) <- [200]
2026-03-23 23:17:46 [http-nio-auto-2-exec-1] TRACE org.hibernate.orm.jdbc.bind - binding parameter (4:BIGINT) <- [22]
2026-03-23 23:17:46 [http-nio-auto-2-exec-1] TRACE org.hibernate.orm.jdbc.bind - binding parameter (5:JSON) <- [{"requestId":"req-otp-001","user":{"mobileNumber":"9876543210"}}]
2026-03-23 23:17:46 [http-nio-auto-2-exec-1] TRACE org.hibernate.orm.jdbc.bind - binding parameter (6:JSON) <- [{"status":"SUCCESS","requestId":"req-otp-001","message":"OTP generated successfully","accountId":null}]
2026-03-23 23:17:46 [http-nio-auto-2-exec-1] TRACE org.hibernate.orm.jdbc.bind - binding parameter (7:VARCHAR) <- [tenant-1]
2026-03-23 23:17:46 [http-nio-auto-2-exec-1] TRACE org.hibernate.orm.jdbc.bind - binding parameter (8:VARCHAR) <- [b05a5e00-21db-4c7c-85cf-d677e5480aa6]
2026-03-23 23:17:46 [http-nio-auto-2-exec-1] INFO  com.paynest.config.TenantFilter - Clearing tenant context for tenant ID: tenant-1 and Trace Context b05a5e00-21db-4c7c-85cf-d677e5480aa6
2026-03-23 23:17:46 [http-nio-auto-2-exec-2] TRACE org.springframework.security.web.FilterChainProxy - Trying to match request against DefaultSecurityFilterChain [RequestMatcher=any request, Filters=[org.springframework.security.web.session.DisableEncodeUrlFilter@6bc07760, org.springframework.security.web.context.request.async.WebAsyncManagerIntegrationFilter@f4416fc, org.springframework.security.web.context.SecurityContextHolderFilter@43567fca, org.springframework.security.web.header.HeaderWriterFilter@50165085, org.springframework.web.filter.CorsFilter@5d63d496, org.springframework.security.web.authentication.logout.LogoutFilter@5e074ce8, com.paynest.config.security.JwtAuthenticationFilter@2aeaa332, com.paynest.config.TenantFilter@39ccab78, com.paynest.config.ApiAuditKafkaFilter@319cfa78, org.springframework.security.web.savedrequest.RequestCacheAwareFilter@7cba8a36, org.springframework.security.web.servletapi.SecurityContextHolderAwareRequestFilter@1eca6f5c, org.springframework.security.web.authentication.AnonymousAuthenticationFilter@2b95004a, org.springframework.security.web.session.SessionManagementFilter@699b37d4, org.springframework.security.web.access.ExceptionTranslationFilter@8a6eeb8, org.springframework.security.web.access.intercept.AuthorizationFilter@3b39b73f]] (1/1)
2026-03-23 23:17:46 [http-nio-auto-2-exec-2] DEBUG org.springframework.security.web.FilterChainProxy - Securing POST /api/v1/account/register/selfWithOtp
2026-03-23 23:17:46 [http-nio-auto-2-exec-2] TRACE org.springframework.security.web.FilterChainProxy - Invoking DisableEncodeUrlFilter (1/15)
2026-03-23 23:17:46 [http-nio-auto-2-exec-2] TRACE org.springframework.security.web.FilterChainProxy - Invoking WebAsyncManagerIntegrationFilter (2/15)
2026-03-23 23:17:46 [http-nio-auto-2-exec-2] TRACE org.springframework.security.web.FilterChainProxy - Invoking SecurityContextHolderFilter (3/15)
2026-03-23 23:17:46 [http-nio-auto-2-exec-2] TRACE org.springframework.security.web.FilterChainProxy - Invoking HeaderWriterFilter (4/15)
2026-03-23 23:17:46 [http-nio-auto-2-exec-2] TRACE org.springframework.security.web.FilterChainProxy - Invoking CorsFilter (5/15)
2026-03-23 23:17:46 [http-nio-auto-2-exec-2] TRACE org.springframework.security.web.FilterChainProxy - Invoking LogoutFilter (6/15)
2026-03-23 23:17:46 [http-nio-auto-2-exec-2] TRACE org.springframework.security.web.FilterChainProxy - Invoking JwtAuthenticationFilter (7/15)
2026-03-23 23:17:46 [http-nio-auto-2-exec-2] INFO  com.paynest.config.security.JwtAuthenticationFilter - Inside JwtAuthenticationFilter
2026-03-23 23:17:46 [http-nio-auto-2-exec-2] TRACE org.springframework.security.web.FilterChainProxy - Invoking TenantFilter (8/15)
2026-03-23 23:17:46 [http-nio-auto-2-exec-2] INFO  com.paynest.config.TenantFilter - Tenant before filter chain: public and request TraceId c7a96c5a-1a45-43a7-bac3-061e2e56eca2
2026-03-23 23:17:46 [http-nio-auto-2-exec-2] TRACE org.springframework.security.web.FilterChainProxy - Invoking ApiAuditKafkaFilter (9/15)
2026-03-23 23:17:46 [http-nio-auto-2-exec-2] TRACE org.springframework.security.web.FilterChainProxy - Invoking RequestCacheAwareFilter (10/15)
2026-03-23 23:17:46 [http-nio-auto-2-exec-2] TRACE org.springframework.security.web.FilterChainProxy - Invoking SecurityContextHolderAwareRequestFilter (11/15)
2026-03-23 23:17:46 [http-nio-auto-2-exec-2] TRACE org.springframework.security.web.FilterChainProxy - Invoking AnonymousAuthenticationFilter (12/15)
2026-03-23 23:17:46 [http-nio-auto-2-exec-2] TRACE org.springframework.security.web.FilterChainProxy - Invoking SessionManagementFilter (13/15)
2026-03-23 23:17:46 [http-nio-auto-2-exec-2] TRACE org.springframework.security.web.FilterChainProxy - Invoking ExceptionTranslationFilter (14/15)
2026-03-23 23:17:46 [http-nio-auto-2-exec-2] TRACE org.springframework.security.web.FilterChainProxy - Invoking AuthorizationFilter (15/15)
2026-03-23 23:17:46 [http-nio-auto-2-exec-2] DEBUG org.springframework.security.web.FilterChainProxy - Secured POST /api/v1/account/register/selfWithOtp
2026-03-23 23:17:46 [http-nio-auto-2-exec-2] INFO  com.paynest.users.controller.AccountController - User registration started
2026-03-23 23:17:46 [http-nio-auto-2-exec-2] INFO  com.paynest.users.controller.AccountController - User registration completed
2026-03-23 23:17:46 [http-nio-auto-2-exec-2] INFO  com.paynest.config.tenant.TenantIdentifierResolver - Hibernate resolving tenant: public
2026-03-23 23:17:46 [http-nio-auto-2-exec-2] INFO  com.paynest.config.MultiTenantConnectionProviderImpl - tenantIdentifier in object : public
2026-03-23 23:17:46 [http-nio-auto-2-exec-2] DEBUG org.hibernate.SQL - insert into public.audit_api_logs (created_at,http_method,http_status,processing_time_ms,request_body,response_body,tenant_id,trace_id) values (?,?,?,?,?,?,?,?)
2026-03-23 23:17:46 [http-nio-auto-2-exec-2] TRACE org.hibernate.orm.jdbc.bind - binding parameter (1:TIMESTAMP) <- [2026-03-23T23:17:46.990672400]
2026-03-23 23:17:46 [http-nio-auto-2-exec-2] TRACE org.hibernate.orm.jdbc.bind - binding parameter (2:VARCHAR) <- [POST]
2026-03-23 23:17:46 [http-nio-auto-2-exec-2] TRACE org.hibernate.orm.jdbc.bind - binding parameter (3:INTEGER) <- [200]
2026-03-23 23:17:46 [http-nio-auto-2-exec-2] TRACE org.hibernate.orm.jdbc.bind - binding parameter (4:BIGINT) <- [8]
2026-03-23 23:17:46 [http-nio-auto-2-exec-2] TRACE org.hibernate.orm.jdbc.bind - binding parameter (5:JSON) <- [{"requestId":"req-register-001","user":{"mobileNumber":"9876543210","otp":"123456"}}]
2026-03-23 23:17:46 [http-nio-auto-2-exec-2] TRACE org.hibernate.orm.jdbc.bind - binding parameter (6:JSON) <- [{"status":"SUCCESS","requestId":"req-register-001","message":"User registered successfully","accountId":"AC202603200001"}]
2026-03-23 23:17:46 [http-nio-auto-2-exec-2] TRACE org.hibernate.orm.jdbc.bind - binding parameter (7:VARCHAR) <- [tenant-1]
2026-03-23 23:17:46 [http-nio-auto-2-exec-2] TRACE org.hibernate.orm.jdbc.bind - binding parameter (8:VARCHAR) <- [c7a96c5a-1a45-43a7-bac3-061e2e56eca2]
2026-03-23 23:17:46 [http-nio-auto-2-exec-2] INFO  com.paynest.config.TenantFilter - Clearing tenant context for tenant ID: tenant-1 and Trace Context c7a96c5a-1a45-43a7-bac3-061e2e56eca2
2026-03-23 23:17:47 [http-nio-auto-2-exec-4] TRACE org.springframework.security.web.FilterChainProxy - Trying to match request against DefaultSecurityFilterChain [RequestMatcher=any request, Filters=[org.springframework.security.web.session.DisableEncodeUrlFilter@6bc07760, org.springframework.security.web.context.request.async.WebAsyncManagerIntegrationFilter@f4416fc, org.springframework.security.web.context.SecurityContextHolderFilter@43567fca, org.springframework.security.web.header.HeaderWriterFilter@50165085, org.springframework.web.filter.CorsFilter@5d63d496, org.springframework.security.web.authentication.logout.LogoutFilter@5e074ce8, com.paynest.config.security.JwtAuthenticationFilter@2aeaa332, com.paynest.config.TenantFilter@39ccab78, com.paynest.config.ApiAuditKafkaFilter@319cfa78, org.springframework.security.web.savedrequest.RequestCacheAwareFilter@7cba8a36, org.springframework.security.web.servletapi.SecurityContextHolderAwareRequestFilter@1eca6f5c, org.springframework.security.web.authentication.AnonymousAuthenticationFilter@2b95004a, org.springframework.security.web.session.SessionManagementFilter@699b37d4, org.springframework.security.web.access.ExceptionTranslationFilter@8a6eeb8, org.springframework.security.web.access.intercept.AuthorizationFilter@3b39b73f]] (1/1)
2026-03-23 23:17:47 [http-nio-auto-2-exec-4] DEBUG org.springframework.security.web.FilterChainProxy - Securing POST /api/v1/account/pin/changeDefault
2026-03-23 23:17:47 [http-nio-auto-2-exec-4] TRACE org.springframework.security.web.FilterChainProxy - Invoking DisableEncodeUrlFilter (1/15)
2026-03-23 23:17:47 [http-nio-auto-2-exec-4] TRACE org.springframework.security.web.FilterChainProxy - Invoking WebAsyncManagerIntegrationFilter (2/15)
2026-03-23 23:17:47 [http-nio-auto-2-exec-4] TRACE org.springframework.security.web.FilterChainProxy - Invoking SecurityContextHolderFilter (3/15)
2026-03-23 23:17:47 [http-nio-auto-2-exec-4] TRACE org.springframework.security.web.FilterChainProxy - Invoking HeaderWriterFilter (4/15)
2026-03-23 23:17:47 [http-nio-auto-2-exec-4] TRACE org.springframework.security.web.FilterChainProxy - Invoking CorsFilter (5/15)
2026-03-23 23:17:47 [http-nio-auto-2-exec-4] TRACE org.springframework.security.web.FilterChainProxy - Invoking LogoutFilter (6/15)
2026-03-23 23:17:47 [http-nio-auto-2-exec-4] TRACE org.springframework.security.web.FilterChainProxy - Invoking JwtAuthenticationFilter (7/15)
2026-03-23 23:17:47 [http-nio-auto-2-exec-4] INFO  com.paynest.config.security.JwtAuthenticationFilter - Inside JwtAuthenticationFilter
2026-03-23 23:17:47 [http-nio-auto-2-exec-4] TRACE org.springframework.security.web.FilterChainProxy - Invoking TenantFilter (8/15)
2026-03-23 23:17:47 [http-nio-auto-2-exec-4] INFO  com.paynest.config.TenantFilter - Tenant before filter chain: public and request TraceId 55561c0d-7081-4ddc-83b8-3c39c9a982ab
2026-03-23 23:17:47 [http-nio-auto-2-exec-4] TRACE org.springframework.security.web.FilterChainProxy - Invoking ApiAuditKafkaFilter (9/15)
2026-03-23 23:17:47 [http-nio-auto-2-exec-4] TRACE org.springframework.security.web.FilterChainProxy - Invoking RequestCacheAwareFilter (10/15)
2026-03-23 23:17:47 [http-nio-auto-2-exec-4] TRACE org.springframework.security.web.FilterChainProxy - Invoking SecurityContextHolderAwareRequestFilter (11/15)
2026-03-23 23:17:47 [http-nio-auto-2-exec-4] TRACE org.springframework.security.web.FilterChainProxy - Invoking AnonymousAuthenticationFilter (12/15)
2026-03-23 23:17:47 [http-nio-auto-2-exec-4] TRACE org.springframework.security.web.FilterChainProxy - Invoking SessionManagementFilter (13/15)
2026-03-23 23:17:47 [http-nio-auto-2-exec-4] TRACE org.springframework.security.web.FilterChainProxy - Invoking ExceptionTranslationFilter (14/15)
2026-03-23 23:17:47 [http-nio-auto-2-exec-4] TRACE org.springframework.security.web.FilterChainProxy - Invoking AuthorizationFilter (15/15)
2026-03-23 23:17:47 [http-nio-auto-2-exec-4] DEBUG org.springframework.security.web.FilterChainProxy - Secured POST /api/v1/account/pin/changeDefault
2026-03-23 23:17:47 [http-nio-auto-2-exec-4] INFO  com.paynest.config.tenant.TenantIdentifierResolver - Hibernate resolving tenant: public
2026-03-23 23:17:47 [http-nio-auto-2-exec-4] INFO  com.paynest.config.MultiTenantConnectionProviderImpl - tenantIdentifier in object : public
2026-03-23 23:17:47 [http-nio-auto-2-exec-4] DEBUG org.hibernate.SQL - insert into public.audit_api_logs (created_at,http_method,http_status,processing_time_ms,request_body,response_body,tenant_id,trace_id) values (?,?,?,?,?,?,?,?)
2026-03-23 23:17:47 [http-nio-auto-2-exec-4] TRACE org.hibernate.orm.jdbc.bind - binding parameter (1:TIMESTAMP) <- [2026-03-23T23:17:47.125667400]
2026-03-23 23:17:47 [http-nio-auto-2-exec-4] TRACE org.hibernate.orm.jdbc.bind - binding parameter (2:VARCHAR) <- [POST]
2026-03-23 23:17:47 [http-nio-auto-2-exec-4] TRACE org.hibernate.orm.jdbc.bind - binding parameter (3:INTEGER) <- [200]
2026-03-23 23:17:47 [http-nio-auto-2-exec-4] TRACE org.hibernate.orm.jdbc.bind - binding parameter (4:BIGINT) <- [75]
2026-03-23 23:17:47 [http-nio-auto-2-exec-4] TRACE org.hibernate.orm.jdbc.bind - binding parameter (5:JSON) <- [{"oldPin":"1234","newPin":"4321","identifierType":"MOBILE","identifierValue":"9876543210"}]
2026-03-23 23:17:47 [http-nio-auto-2-exec-4] TRACE org.hibernate.orm.jdbc.bind - binding parameter (6:JSON) <- [{"status":"SUCCESS","message":"PIN changed successfully"}]
2026-03-23 23:17:47 [http-nio-auto-2-exec-4] TRACE org.hibernate.orm.jdbc.bind - binding parameter (7:VARCHAR) <- [tenant-1]
2026-03-23 23:17:47 [http-nio-auto-2-exec-4] TRACE org.hibernate.orm.jdbc.bind - binding parameter (8:VARCHAR) <- [55561c0d-7081-4ddc-83b8-3c39c9a982ab]
2026-03-23 23:17:47 [http-nio-auto-2-exec-4] INFO  com.paynest.config.TenantFilter - Clearing tenant context for tenant ID: tenant-1 and Trace Context 55561c0d-7081-4ddc-83b8-3c39c9a982ab
2026-03-23 23:17:47 [http-nio-auto-2-exec-3] TRACE org.springframework.security.web.FilterChainProxy - Trying to match request against DefaultSecurityFilterChain [RequestMatcher=any request, Filters=[org.springframework.security.web.session.DisableEncodeUrlFilter@6bc07760, org.springframework.security.web.context.request.async.WebAsyncManagerIntegrationFilter@f4416fc, org.springframework.security.web.context.SecurityContextHolderFilter@43567fca, org.springframework.security.web.header.HeaderWriterFilter@50165085, org.springframework.web.filter.CorsFilter@5d63d496, org.springframework.security.web.authentication.logout.LogoutFilter@5e074ce8, com.paynest.config.security.JwtAuthenticationFilter@2aeaa332, com.paynest.config.TenantFilter@39ccab78, com.paynest.config.ApiAuditKafkaFilter@319cfa78, org.springframework.security.web.savedrequest.RequestCacheAwareFilter@7cba8a36, org.springframework.security.web.servletapi.SecurityContextHolderAwareRequestFilter@1eca6f5c, org.springframework.security.web.authentication.AnonymousAuthenticationFilter@2b95004a, org.springframework.security.web.session.SessionManagementFilter@699b37d4, org.springframework.security.web.access.ExceptionTranslationFilter@8a6eeb8, org.springframework.security.web.access.intercept.AuthorizationFilter@3b39b73f]] (1/1)
2026-03-23 23:17:47 [http-nio-auto-2-exec-3] DEBUG org.springframework.security.web.FilterChainProxy - Securing POST /api/v1/auth/login
2026-03-23 23:17:47 [http-nio-auto-2-exec-3] TRACE org.springframework.security.web.FilterChainProxy - Invoking DisableEncodeUrlFilter (1/15)
2026-03-23 23:17:47 [http-nio-auto-2-exec-3] TRACE org.springframework.security.web.FilterChainProxy - Invoking WebAsyncManagerIntegrationFilter (2/15)
2026-03-23 23:17:47 [http-nio-auto-2-exec-3] TRACE org.springframework.security.web.FilterChainProxy - Invoking SecurityContextHolderFilter (3/15)
2026-03-23 23:17:47 [http-nio-auto-2-exec-3] TRACE org.springframework.security.web.FilterChainProxy - Invoking HeaderWriterFilter (4/15)
2026-03-23 23:17:47 [http-nio-auto-2-exec-3] TRACE org.springframework.security.web.FilterChainProxy - Invoking CorsFilter (5/15)
2026-03-23 23:17:47 [http-nio-auto-2-exec-3] TRACE org.springframework.security.web.FilterChainProxy - Invoking LogoutFilter (6/15)
2026-03-23 23:17:47 [http-nio-auto-2-exec-3] TRACE org.springframework.security.web.FilterChainProxy - Invoking JwtAuthenticationFilter (7/15)
2026-03-23 23:17:47 [http-nio-auto-2-exec-3] INFO  com.paynest.config.security.JwtAuthenticationFilter - Inside JwtAuthenticationFilter
2026-03-23 23:17:47 [http-nio-auto-2-exec-3] TRACE org.springframework.security.web.FilterChainProxy - Invoking TenantFilter (8/15)
2026-03-23 23:17:47 [http-nio-auto-2-exec-3] INFO  com.paynest.config.TenantFilter - Tenant before filter chain: public and request TraceId 7e990856-36a5-48dd-a983-4f3d481abb08
2026-03-23 23:17:47 [http-nio-auto-2-exec-3] TRACE org.springframework.security.web.FilterChainProxy - Invoking ApiAuditKafkaFilter (9/15)
2026-03-23 23:17:47 [http-nio-auto-2-exec-3] TRACE org.springframework.security.web.FilterChainProxy - Invoking RequestCacheAwareFilter (10/15)
2026-03-23 23:17:47 [http-nio-auto-2-exec-3] TRACE org.springframework.security.web.FilterChainProxy - Invoking SecurityContextHolderAwareRequestFilter (11/15)
2026-03-23 23:17:47 [http-nio-auto-2-exec-3] TRACE org.springframework.security.web.FilterChainProxy - Invoking AnonymousAuthenticationFilter (12/15)
2026-03-23 23:17:47 [http-nio-auto-2-exec-3] TRACE org.springframework.security.web.FilterChainProxy - Invoking SessionManagementFilter (13/15)
2026-03-23 23:17:47 [http-nio-auto-2-exec-3] TRACE org.springframework.security.web.FilterChainProxy - Invoking ExceptionTranslationFilter (14/15)
2026-03-23 23:17:47 [http-nio-auto-2-exec-3] TRACE org.springframework.security.web.FilterChainProxy - Invoking AuthorizationFilter (15/15)
2026-03-23 23:17:47 [http-nio-auto-2-exec-3] DEBUG org.springframework.security.web.FilterChainProxy - Secured POST /api/v1/auth/login
2026-03-23 23:17:47 [http-nio-auto-2-exec-3] INFO  com.paynest.config.tenant.TenantIdentifierResolver - Hibernate resolving tenant: public
2026-03-23 23:17:47 [http-nio-auto-2-exec-3] INFO  com.paynest.config.MultiTenantConnectionProviderImpl - tenantIdentifier in object : public
2026-03-23 23:17:47 [http-nio-auto-2-exec-3] DEBUG org.hibernate.SQL - insert into public.audit_api_logs (created_at,http_method,http_status,processing_time_ms,request_body,response_body,tenant_id,trace_id) values (?,?,?,?,?,?,?,?)
2026-03-23 23:17:47 [http-nio-auto-2-exec-3] TRACE org.hibernate.orm.jdbc.bind - binding parameter (1:TIMESTAMP) <- [2026-03-23T23:17:47.221676800]
2026-03-23 23:17:47 [http-nio-auto-2-exec-3] TRACE org.hibernate.orm.jdbc.bind - binding parameter (2:VARCHAR) <- [POST]
2026-03-23 23:17:47 [http-nio-auto-2-exec-3] TRACE org.hibernate.orm.jdbc.bind - binding parameter (3:INTEGER) <- [200]
2026-03-23 23:17:47 [http-nio-auto-2-exec-3] TRACE org.hibernate.orm.jdbc.bind - binding parameter (4:BIGINT) <- [23]
2026-03-23 23:17:47 [http-nio-auto-2-exec-3] TRACE org.hibernate.orm.jdbc.bind - binding parameter (5:JSON) <- [{"requestId":"req-login-customer-001","user":{"identifierType":"MOBILE","identifierValue":"9876543210"},"authFactor":{"authType":"PIN","credential":"****"}}]
2026-03-23 23:17:47 [http-nio-auto-2-exec-3] TRACE org.hibernate.orm.jdbc.bind - binding parameter (6:JSON) <- [{"status":"SUCCESS","message":"Login successful","accountId":"AC202603200001","tokenType":"Bearer","accessToken":"customer-token","expiresInSeconds":3600}]
2026-03-23 23:17:47 [http-nio-auto-2-exec-3] TRACE org.hibernate.orm.jdbc.bind - binding parameter (7:VARCHAR) <- [tenant-1]
2026-03-23 23:17:47 [http-nio-auto-2-exec-3] TRACE org.hibernate.orm.jdbc.bind - binding parameter (8:VARCHAR) <- [7e990856-36a5-48dd-a983-4f3d481abb08]
2026-03-23 23:17:47 [http-nio-auto-2-exec-3] INFO  com.paynest.config.TenantFilter - Clearing tenant context for tenant ID: tenant-1 and Trace Context 7e990856-36a5-48dd-a983-4f3d481abb08
2026-03-23 23:17:47 [http-nio-auto-2-exec-5] TRACE org.springframework.security.web.FilterChainProxy - Trying to match request against DefaultSecurityFilterChain [RequestMatcher=any request, Filters=[org.springframework.security.web.session.DisableEncodeUrlFilter@6bc07760, org.springframework.security.web.context.request.async.WebAsyncManagerIntegrationFilter@f4416fc, org.springframework.security.web.context.SecurityContextHolderFilter@43567fca, org.springframework.security.web.header.HeaderWriterFilter@50165085, org.springframework.web.filter.CorsFilter@5d63d496, org.springframework.security.web.authentication.logout.LogoutFilter@5e074ce8, com.paynest.config.security.JwtAuthenticationFilter@2aeaa332, com.paynest.config.TenantFilter@39ccab78, com.paynest.config.ApiAuditKafkaFilter@319cfa78, org.springframework.security.web.savedrequest.RequestCacheAwareFilter@7cba8a36, org.springframework.security.web.servletapi.SecurityContextHolderAwareRequestFilter@1eca6f5c, org.springframework.security.web.authentication.AnonymousAuthenticationFilter@2b95004a, org.springframework.security.web.session.SessionManagementFilter@699b37d4, org.springframework.security.web.access.ExceptionTranslationFilter@8a6eeb8, org.springframework.security.web.access.intercept.AuthorizationFilter@3b39b73f]] (1/1)
2026-03-23 23:17:47 [http-nio-auto-2-exec-5] DEBUG org.springframework.security.web.FilterChainProxy - Securing POST /api/v1/pay/U2U
2026-03-23 23:17:47 [http-nio-auto-2-exec-5] TRACE org.springframework.security.web.FilterChainProxy - Invoking DisableEncodeUrlFilter (1/15)
2026-03-23 23:17:47 [http-nio-auto-2-exec-5] TRACE org.springframework.security.web.FilterChainProxy - Invoking WebAsyncManagerIntegrationFilter (2/15)
2026-03-23 23:17:47 [http-nio-auto-2-exec-5] TRACE org.springframework.security.web.FilterChainProxy - Invoking SecurityContextHolderFilter (3/15)
2026-03-23 23:17:47 [http-nio-auto-2-exec-5] TRACE org.springframework.security.web.FilterChainProxy - Invoking HeaderWriterFilter (4/15)
2026-03-23 23:17:47 [http-nio-auto-2-exec-5] TRACE org.springframework.security.web.FilterChainProxy - Invoking CorsFilter (5/15)
2026-03-23 23:17:47 [http-nio-auto-2-exec-5] TRACE org.springframework.security.web.FilterChainProxy - Invoking LogoutFilter (6/15)
2026-03-23 23:17:47 [http-nio-auto-2-exec-5] TRACE org.springframework.security.web.FilterChainProxy - Invoking JwtAuthenticationFilter (7/15)
2026-03-23 23:17:47 [http-nio-auto-2-exec-5] INFO  com.paynest.config.security.JwtAuthenticationFilter - Inside JwtAuthenticationFilter
2026-03-23 23:17:47 [http-nio-auto-2-exec-5] INFO  com.paynest.config.security.JwtAuthenticationFilter - tenant is :tenant-1
2026-03-23 23:17:47 [http-nio-auto-2-exec-5] TRACE org.springframework.security.web.FilterChainProxy - Invoking TenantFilter (8/15)
2026-03-23 23:17:47 [http-nio-auto-2-exec-5] ERROR com.paynest.config.TenantFilter - Filter error. code=UNKNOWN_TENANT, message=Unknown tenant, tenant=public, traceId=45c82441-184c-4221-bf3e-cd2a3eb3e9d6
2026-03-23 23:17:47 [http-nio-auto-2-exec-5] INFO  com.paynest.config.TenantFilter - Clearing tenant context for tenant ID: public and Trace Context 45c82441-184c-4221-bf3e-cd2a3eb3e9d6
2026-03-23 23:17:48 [main] INFO  com.paynest.users.service.AccountService - Generated OTP 307387 for mobile number 9999999999
2026-03-23 23:17:48 [main] INFO  com.paynest.Utilities.IdGenerator - generated Password is : &y2rb@T7
2026-03-23 23:17:48 [main] INFO  com.paynest.users.service.AccountService - password is : &y2rb@T7
2026-03-23 23:17:48 [SpringApplicationShutdownHook] INFO  org.springframework.orm.jpa.LocalContainerEntityManagerFactoryBean - Closing JPA EntityManagerFactory for persistence unit 'default'
2026-03-23 23:17:48 [SpringApplicationShutdownHook] INFO  com.zaxxer.hikari.HikariDataSource - HikariPool-1 - Shutdown initiated...
2026-03-23 23:17:48 [SpringApplicationShutdownHook] INFO  com.zaxxer.hikari.HikariDataSource - HikariPool-1 - Shutdown completed.
2026-03-23 23:17:48 [SpringApplicationShutdownHook] INFO  org.springframework.orm.jpa.LocalContainerEntityManagerFactoryBean - Closing JPA EntityManagerFactory for persistence unit 'default'
2026-03-23 23:17:48 [SpringApplicationShutdownHook] INFO  com.zaxxer.hikari.HikariDataSource - HikariPool-2 - Shutdown initiated...
2026-03-23 23:17:48 [SpringApplicationShutdownHook] INFO  com.zaxxer.hikari.HikariDataSource - HikariPool-2 - Shutdown completed.
