2026-03-01 22:50:30 [http-nio-8080-exec-1] INFO  com.paynest.config.TenantFilter - Clearing tenant context for tenant ID: movii
2026-03-01 22:58:30 [http-nio-8080-exec-1] INFO  com.paynest.config.MultiTenantConnectionProviderImpl - tenantIdentifier in object : public
2026-03-01 22:58:30 [http-nio-8080-exec-1] WARN  org.hibernate.engine.jdbc.spi.SqlExceptionHelper - SQL Error: 0, SQLState: 42P01
2026-03-01 22:58:30 [http-nio-8080-exec-1] ERROR org.hibernate.engine.jdbc.spi.SqlExceptionHelper - ERROR: relation "account_identifiers" does not exist
  Position: 145
2026-03-01 22:58:30 [http-nio-8080-exec-1] INFO  com.paynest.config.TenantFilter - Clearing tenant context for tenant ID: movii
2026-03-01 22:59:31 [http-nio-8080-exec-2] INFO  com.paynest.config.MultiTenantConnectionProviderImpl - tenantIdentifier in object : public
2026-03-01 22:59:31 [http-nio-8080-exec-2] WARN  org.hibernate.engine.jdbc.spi.SqlExceptionHelper - SQL Error: 0, SQLState: 42P01
2026-03-01 22:59:31 [http-nio-8080-exec-2] ERROR org.hibernate.engine.jdbc.spi.SqlExceptionHelper - ERROR: relation "account_identifiers" does not exist
  Position: 145
2026-03-01 22:59:31 [http-nio-8080-exec-2] INFO  com.paynest.config.TenantFilter - Clearing tenant context for tenant ID: movii
2026-03-01 23:00:42 [http-nio-8080-exec-4] INFO  com.paynest.config.MultiTenantConnectionProviderImpl - tenantIdentifier in object : public
2026-03-01 23:00:42 [http-nio-8080-exec-4] WARN  org.hibernate.engine.jdbc.spi.SqlExceptionHelper - SQL Error: 0, SQLState: 42P01
2026-03-01 23:00:42 [http-nio-8080-exec-4] ERROR org.hibernate.engine.jdbc.spi.SqlExceptionHelper - ERROR: relation "account_identifiers" does not exist
  Position: 145
2026-03-01 23:00:49 [http-nio-8080-exec-4] INFO  com.paynest.config.TenantFilter - Clearing tenant context for tenant ID: movii
2026-03-01 23:01:28 [http-nio-8080-exec-5] INFO  com.paynest.config.MultiTenantConnectionProviderImpl - tenantIdentifier in object : public
2026-03-01 23:01:28 [http-nio-8080-exec-5] WARN  org.hibernate.engine.jdbc.spi.SqlExceptionHelper - SQL Error: 0, SQLState: 42P01
2026-03-01 23:01:28 [http-nio-8080-exec-5] ERROR org.hibernate.engine.jdbc.spi.SqlExceptionHelper - ERROR: relation "account_identifiers" does not exist
  Position: 145
2026-03-01 23:01:28 [http-nio-8080-exec-5] INFO  com.paynest.config.TenantFilter - Clearing tenant context for tenant ID: movii
2026-03-01 23:04:35 [http-nio-8080-exec-1] INFO  com.paynest.tenant.TenantIdentifierResolver - Hibernate resolving tenant: movii
2026-03-01 23:04:35 [http-nio-8080-exec-1] INFO  com.paynest.config.MultiTenantConnectionProviderImpl - tenantIdentifier in object : movii
2026-03-01 23:04:35 [http-nio-8080-exec-1] INFO  com.paynest.config.TenantFilter - Clearing tenant context for tenant ID: movii
2026-03-01 23:06:13 [http-nio-8080-exec-5] INFO  com.paynest.config.TenantFilter - Clearing tenant context for tenant ID: movii
2026-03-01 23:06:22 [http-nio-8080-exec-7] INFO  com.paynest.config.TenantFilter - Clearing tenant context for tenant ID: movii
2026-03-01 23:07:11 [http-nio-8080-exec-9] INFO  com.paynest.config.TenantFilter - Clearing tenant context for tenant ID: movii
2026-03-01 23:07:46 [http-nio-8080-exec-10] INFO  com.paynest.config.TenantFilter - Clearing tenant context for tenant ID: movii
2026-03-01 23:08:23 [http-nio-8080-exec-2] INFO  com.paynest.config.TenantFilter - Clearing tenant context for tenant ID: movii
2026-03-01 23:09:05 [http-nio-8080-exec-4] INFO  com.paynest.config.TenantFilter - Clearing tenant context for tenant ID: movii
2026-03-01 23:09:25 [http-nio-8080-exec-3] INFO  com.paynest.config.TenantFilter - Clearing tenant context for tenant ID: movii
2026-03-01 23:09:46 [http-nio-8080-exec-6] INFO  com.paynest.config.TenantFilter - Clearing tenant context for tenant ID: movii
2026-03-01 23:11:51 [http-nio-8080-exec-2] INFO  com.paynest.config.TenantFilter - Clearing tenant context for tenant ID: movii
2026-03-01 23:12:31 [http-nio-8080-exec-5] INFO  com.paynest.tenant.TenantIdentifierResolver - Hibernate resolving tenant: movii
2026-03-01 23:12:31 [http-nio-8080-exec-5] INFO  com.paynest.config.MultiTenantConnectionProviderImpl - tenantIdentifier in object : movii
2026-03-01 23:12:44 [http-nio-8080-exec-5] INFO  com.paynest.config.TenantFilter - Clearing tenant context for tenant ID: movii
2026-03-01 23:22:03 [http-nio-8080-exec-1] INFO  com.paynest.tenant.TenantIdentifierResolver - Hibernate resolving tenant: movii
2026-03-01 23:22:03 [http-nio-8080-exec-1] INFO  com.paynest.config.MultiTenantConnectionProviderImpl - tenantIdentifier in object : movii
2026-03-01 23:22:04 [http-nio-8080-exec-1] INFO  com.paynest.config.TenantFilter - Clearing tenant context for tenant ID: movii
2026-03-01 23:22:25 [http-nio-8080-exec-4] INFO  com.paynest.tenant.TenantIdentifierResolver - Hibernate resolving tenant: movii
2026-03-01 23:22:25 [http-nio-8080-exec-4] INFO  com.paynest.config.MultiTenantConnectionProviderImpl - tenantIdentifier in object : movii
2026-03-01 23:22:25 [http-nio-8080-exec-4] INFO  com.paynest.config.TenantFilter - Clearing tenant context for tenant ID: movii
2026-03-01 23:23:24 [http-nio-8080-exec-1] INFO  com.paynest.tenant.TenantIdentifierResolver - Hibernate resolving tenant: movii
2026-03-01 23:23:24 [http-nio-8080-exec-1] INFO  com.paynest.config.MultiTenantConnectionProviderImpl - tenantIdentifier in object : movii
2026-03-01 23:23:24 [http-nio-8080-exec-1] INFO  com.paynest.config.TenantFilter - Clearing tenant context for tenant ID: movii
2026-03-01 23:23:38 [http-nio-8080-exec-4] INFO  com.paynest.tenant.TenantIdentifierResolver - Hibernate resolving tenant: movii
2026-03-01 23:23:38 [http-nio-8080-exec-4] INFO  com.paynest.config.MultiTenantConnectionProviderImpl - tenantIdentifier in object : movii
2026-03-01 23:23:55 [http-nio-8080-exec-4] INFO  com.paynest.config.TenantFilter - Clearing tenant context for tenant ID: movii
2026-03-01 23:24:13 [http-nio-8080-exec-6] INFO  com.paynest.tenant.TenantIdentifierResolver - Hibernate resolving tenant: movii
2026-03-01 23:24:13 [http-nio-8080-exec-6] INFO  com.paynest.config.MultiTenantConnectionProviderImpl - tenantIdentifier in object : movii
2026-03-01 23:24:16 [http-nio-8080-exec-6] INFO  com.paynest.config.TenantFilter - Clearing tenant context for tenant ID: movii
2026-03-01 23:24:29 [http-nio-8080-exec-8] INFO  com.paynest.tenant.TenantIdentifierResolver - Hibernate resolving tenant: movii
2026-03-01 23:24:29 [http-nio-8080-exec-8] INFO  com.paynest.config.MultiTenantConnectionProviderImpl - tenantIdentifier in object : movii
2026-03-01 23:26:12 [http-nio-8080-exec-8] INFO  com.paynest.config.TenantFilter - Clearing tenant context for tenant ID: movii
2026-03-01 23:27:32 [http-nio-8080-exec-2] INFO  com.paynest.tenant.TenantIdentifierResolver - Hibernate resolving tenant: movii
2026-03-01 23:27:32 [http-nio-8080-exec-2] INFO  com.paynest.config.MultiTenantConnectionProviderImpl - tenantIdentifier in object : movii
2026-03-01 23:27:32 [http-nio-8080-exec-2] INFO  com.paynest.config.TenantFilter - Clearing tenant context for tenant ID: movii
2026-03-01 23:29:00 [http-nio-8080-exec-4] INFO  com.paynest.tenant.TenantIdentifierResolver - Hibernate resolving tenant: movii
2026-03-01 23:29:00 [http-nio-8080-exec-4] INFO  com.paynest.config.MultiTenantConnectionProviderImpl - tenantIdentifier in object : movii
2026-03-01 23:29:00 [http-nio-8080-exec-4] INFO  com.paynest.config.TenantFilter - Clearing tenant context for tenant ID: movii
2026-03-01 23:35:13 [http-nio-8080-exec-1] INFO  com.paynest.tenant.TenantIdentifierResolver - Hibernate resolving tenant: movii
2026-03-01 23:35:13 [http-nio-8080-exec-1] INFO  com.paynest.config.MultiTenantConnectionProviderImpl - tenantIdentifier in object : movii
2026-03-01 23:35:13 [http-nio-8080-exec-1] INFO  com.paynest.config.TenantFilter - Clearing tenant context for tenant ID: movii
